2025-03-10 07:46:17,889 - INFO - Создана выходная директория
2025-03-10 07:46:18,471 - INFO - Файл dryer_data.csv успешно загружен
2025-03-10 07:46:18,523 - INFO - Столбец 'measured' удален
2025-03-10 07:47:43,085 - INFO - Данные успешно объединены в словарь
2025-03-10 07:47:43,685 - INFO - DataFrame успешно создан из словаря
2025-03-10 07:47:43,746 - INFO - Данные успешно отсортированы по времени
2025-03-10 07:47:43,807 - INFO - Столбец DROPS_SCORE успешно преобразован в числовой формат
2025-03-10 07:47:43,972 - INFO - Файл temps.csv успешно сохранен в output/temps.csv
2025-03-10 07:47:44,116 - INFO - Файл moistures.csv успешно сохранен в output/moistures.csv
2025-03-10 07:47:44,329 - INFO - Файл moistures_temps.csv успешно сохранен в output/moistures_temps.csv
2025-03-10 07:47:44,508 - INFO - Файл settings.csv успешно сохранен в output/settings.csv
2025-03-10 07:47:44,738 - INFO - Файл mode.csv успешно сохранен в output/mode.csv
2025-03-10 07:47:44,943 - INFO - Файл alarms.csv успешно сохранен в output/alarms.csv
2025-03-10 07:47:44,945 - INFO - Все файлы успешно обработаны и сохранены
2025-03-10 07:58:37,474 - INFO - Создана выходная директория
2025-03-10 07:58:38,108 - INFO - Файл dryer_data.csv успешно загружен
2025-03-10 07:58:38,172 - INFO - Столбец 'measured' удален
2025-03-10 08:00:05,541 - INFO - Данные успешно объединены в словарь
2025-03-10 08:00:06,276 - INFO - DataFrame успешно создан из словаря
2025-03-10 08:00:06,337 - INFO - Данные успешно отсортированы по времени
2025-03-10 08:00:06,367 - INFO - Столбец DROPS_SCORE успешно преобразован в числовой формат
2025-03-10 08:00:06,513 - INFO - Файл temps.csv успешно сохранен в output/temps.csv
2025-03-10 08:00:06,696 - INFO - Файл moistures.csv успешно сохранен в output/moistures.csv
2025-03-10 08:00:06,902 - INFO - Файл moistures_temps.csv успешно сохранен в output/moistures_temps.csv
2025-03-10 08:00:07,074 - INFO - Файл settings.csv успешно сохранен в output/settings.csv
2025-03-10 08:00:07,270 - INFO - Файл mode.csv успешно сохранен в output/mode.csv
2025-03-10 08:00:07,449 - INFO - Файл alarms.csv успешно сохранен в output/alarms.csv
2025-03-10 08:00:07,451 - INFO - Все файлы успешно обработаны и сохранены
2025-03-10 08:09:57,033 - INFO - Создана выходная директория
2025-03-10 08:09:57,676 - INFO - Файл dryer_data.csv успешно загружен
2025-03-10 08:09:57,732 - INFO - Столбец 'measured' удален
2025-03-10 08:11:25,562 - INFO - Данные успешно объединены в словарь
2025-03-10 08:11:26,193 - INFO - DataFrame успешно создан из словаря
2025-03-10 08:11:26,253 - INFO - Данные успешно отсортированы по времени
2025-03-10 08:11:26,281 - INFO - Столбец DROPS_SCORE успешно преобразован в числовой формат
2025-03-10 08:11:26,480 - INFO - Файл temps.csv успешно сохранен в output/temps.csv
2025-03-10 08:11:26,645 - INFO - Файл moistures.csv успешно сохранен в output/moistures.csv
2025-03-10 08:11:26,861 - INFO - Файл moistures_temps.csv успешно сохранен в output/moistures_temps.csv
2025-03-10 08:11:27,049 - INFO - Файл settings.csv успешно сохранен в output/settings.csv
2025-03-10 08:11:27,255 - INFO - Файл mode.csv успешно сохранен в output/mode.csv
2025-03-10 08:11:27,474 - INFO - Файл alarms.csv успешно сохранен в output/alarms.csv
2025-03-10 08:11:27,476 - INFO - Все файлы успешно обработаны и сохранены
2025-03-10 08:23:45,680 - INFO - Создана выходная директория
2025-03-10 08:23:46,340 - INFO - Файл dryer_data.csv успешно загружен
2025-03-10 08:23:46,398 - INFO - Столбец 'measured' удален
2025-03-10 08:25:12,691 - INFO - Данные успешно объединены в словарь
2025-03-10 08:25:13,447 - INFO - DataFrame успешно создан из словаря
2025-03-10 08:25:13,506 - INFO - Данные успешно отсортированы по времени
2025-03-10 08:25:13,534 - INFO - Столбец DROPS_SCORE успешно преобразован в числовой формат
2025-03-10 08:25:13,714 - INFO - Файл temps.csv успешно сохранен в output/temps.csv
2025-03-10 08:25:13,878 - INFO - Файл moistures.csv успешно сохранен в output/moistures.csv
2025-03-10 08:25:14,112 - INFO - Файл moistures_temps.csv успешно сохранен в output/moistures_temps.csv
2025-03-10 08:25:14,316 - INFO - Файл settings.csv успешно сохранен в output/settings.csv
2025-03-10 08:25:14,534 - INFO - Файл mode.csv успешно сохранен в output/mode.csv
2025-03-10 08:25:14,774 - INFO - Файл alarms.csv успешно сохранен в output/alarms.csv
2025-03-10 08:25:14,777 - INFO - Все файлы успешно обработаны и сохранены
2025-03-10 08:29:43,442 - INFO - Создана выходная директория
2025-03-10 08:29:44,026 - INFO - Файл dryer_data.csv успешно загружен
2025-03-10 08:29:44,091 - INFO - Столбец 'measured' удален
2025-03-10 08:31:11,356 - INFO - Данные успешно объединены в словарь
2025-03-10 08:31:12,053 - INFO - DataFrame успешно создан из словаря
2025-03-10 08:31:12,113 - INFO - Данные успешно отсортированы по времени
2025-03-10 08:31:12,140 - INFO - Столбец DROPS_SCORE успешно преобразован в числовой формат
2025-03-10 08:31:12,307 - INFO - Файл temps.csv успешно сохранен в output/temps.csv
2025-03-10 08:31:12,508 - INFO - Файл moistures.csv успешно сохранен в output/moistures.csv
2025-03-10 08:31:12,724 - INFO - Файл moistures_temps.csv успешно сохранен в output/moistures_temps.csv
2025-03-10 08:31:12,958 - INFO - Файл settings.csv успешно сохранен в output/settings.csv
2025-03-10 08:31:13,181 - INFO - Файл mode.csv успешно сохранен в output/mode.csv
2025-03-10 08:31:13,435 - INFO - Файл alarms.csv успешно сохранен в output/alarms.csv
2025-03-10 08:31:13,437 - INFO - Все файлы успешно обработаны и сохранены
2025-03-10 08:35:22,141 - INFO - Создана выходная директория
2025-03-10 08:35:22,793 - INFO - Файл dryer_data.csv успешно загружен
2025-03-10 08:35:22,846 - INFO - Столбец 'measured' удален
2025-03-10 08:35:29,344 - WARNING - Некорректный формат ISO-времени '40S"
2024-08-09 09:35:35.994,742,t,SET_BURNERS_TEMP,80.0
2024-08-09 09:35:35.994,742,t,BOTTOM_TEMP,40.0
2024-08-09 09:35:25.633,-1,t,GRAIN_TYPE,"WHEAT': invalid literal for int() with base 10: '40S"\n2024-08-09 09:35:35.994,742,t,SET_BURNERS_TE'
2025-03-10 08:36:42,202 - WARNING - Некорректный формат ISO-времени '-7H-34M-40S': invalid literal for int() with base 10: '-7H-34'
2025-03-10 08:36:50,472 - INFO - Данные успешно объединены в словарь
2025-03-10 08:36:51,149 - INFO - DataFrame успешно создан из словаря
2025-03-10 08:36:51,210 - INFO - Данные успешно отсортированы по времени
2025-03-10 08:36:51,240 - INFO - Столбец DROPS_SCORE успешно преобразован в числовой формат
2025-03-10 08:36:51,416 - INFO - Файл temps.csv успешно сохранен в output/temps.csv
2025-03-10 08:36:51,594 - INFO - Файл moistures.csv успешно сохранен в output/moistures.csv
2025-03-10 08:36:51,848 - INFO - Файл moistures_temps.csv успешно сохранен в output/moistures_temps.csv
2025-03-10 08:36:52,066 - INFO - Файл settings.csv успешно сохранен в output/settings.csv
2025-03-10 08:36:52,293 - INFO - Файл mode.csv успешно сохранен в output/mode.csv
2025-03-10 08:36:52,506 - INFO - Файл alarms.csv успешно сохранен в output/alarms.csv
2025-03-10 08:36:52,508 - INFO - Все файлы успешно обработаны и сохранены
2025-03-10 08:39:58,764 - INFO - Создана выходная директория
2025-03-10 08:39:59,373 - INFO - Файл dryer_data.csv успешно загружен
2025-03-10 08:39:59,426 - INFO - Столбец 'measured' удален
2025-03-10 08:40:05,943 - WARNING - Некорректный формат ISO-времени '40S"
2024-08-09 09:35:35.994,742,t,SET_BURNERS_TEMP,80.0
2024-08-09 09:35:35.994,742,t,BOTTOM_TEMP,40.0
2024-08-09 09:35:25.633,-1,t,GRAIN_TYPE,"WHEAT': invalid literal for int() with base 10: '40S"\n2024-08-09 09:35:35.994,742,t,SET_BURNERS_TE'
2025-03-10 08:41:18,344 - WARNING - Некорректный формат ISO-времени '-7H-34M-40S': invalid literal for int() with base 10: '-7H-34'
2025-03-10 08:41:26,502 - INFO - Данные успешно объединены в словарь
2025-03-10 08:41:27,200 - INFO - DataFrame успешно создан из словаря
2025-03-10 08:41:27,259 - INFO - Данные успешно отсортированы по времени
2025-03-10 08:41:27,288 - INFO - Столбец DROPS_SCORE успешно преобразован в числовой формат
2025-03-10 08:41:27,462 - INFO - Файл temps.csv успешно сохранен в output/temps.csv
2025-03-10 08:41:27,666 - INFO - Файл moistures.csv успешно сохранен в output/moistures.csv
2025-03-10 08:41:27,919 - INFO - Файл moistures_temps.csv успешно сохранен в output/moistures_temps.csv
2025-03-10 08:41:28,150 - INFO - Файл settings.csv успешно сохранен в output/settings.csv
2025-03-10 08:41:28,372 - INFO - Файл mode.csv успешно сохранен в output/mode.csv
2025-03-10 08:41:28,584 - INFO - Файл alarms.csv успешно сохранен в output/alarms.csv
2025-03-10 08:41:28,586 - INFO - Все файлы успешно обработаны и сохранены
